delivery_app/build 2/app/intermediates/manifest_merge_blame_file/debug/manifest-merger-blame-debug-report 2.txt
1<?xml version="1.0" encoding="utf-8"?>
2<manifest xmlns:android="http://schemas.android.com/apk/res/android"
3    package="com.kwikbasket.delivery_app.delivery_app"
4    android:versionCode="1"
5    android:versionName="1.0.0" >
6
7    <uses-sdk
8        android:minSdkVersion="21"
9        android:targetSdkVersion="30" />
10    <!--
11         Flutter needs it to communicate with the running application
12         to allow setting breakpoints, to provide hot reload, etc.
13    -->
14    <uses-permission android:name="android.permission.INTERNET" />
14-->src/debug/AndroidManifest.xml:6:5-66
14-->src/debug/AndroidManifest.xml:6:22-64
15    <uses-permission android:name="android.permission.QUERY_ALL_PACKAGES" />
15-->src/main/AndroidManifest.xml:3:5-77
15-->src/main/AndroidManifest.xml:3:22-74
16    <uses-permission android:name="android.permission.RECORD_AUDIO" />
16-->src/main/AndroidManifest.xml:50:5-71
16-->src/main/AndroidManifest.xml:50:22-68
17    <uses-permission android:name="android.permission.ACCESS_FINE_LOCATION" />
17-->src/main/AndroidManifest.xml:51:5-78
17-->src/main/AndroidManifest.xml:51:22-76
18    <uses-permission android:name="android.permission.WRITE_EXTERNAL_STORAGE" />
18-->src/main/AndroidManifest.xml:52:5-81
18-->src/main/AndroidManifest.xml:52:22-78
19    <uses-permission android:name="android.permission.READ_EXTERNAL_STORAGE" /> <!-- Include required permissions for Google Maps API to run. -->
19-->src/main/AndroidManifest.xml:53:5-80
19-->src/main/AndroidManifest.xml:53:22-77
20    <uses-permission android:name="android.permission.ACCESS_NETWORK_STATE" />
20-->[com.google.android.gms:play-services-maps:17.0.0] AndroidManifest.xml:23:5-79
20-->[com.google.android.gms:play-services-maps:17.0.0] AndroidManifest.xml:23:22-76
21
22    <uses-feature
22-->[com.google.android.gms:play-services-maps:17.0.0] AndroidManifest.xml:26:5-28:35
23        android:glEsVersion="0x00020000"
23-->[com.google.android.gms:play-services-maps:17.0.0] AndroidManifest.xml:27:9-41
24        android:required="true" />
24-->[com.google.android.gms:play-services-maps:17.0.0] AndroidManifest.xml:28:9-32
25
26    <uses-permission android:name="android.permission.CAMERA" /> <!-- Don't require camera, as this requires a rear camera. This allows it to work on the Nexus 7 -->
26-->[com.journeyapps:zxing-android-embedded:4.2.0] AndroidManifest.xml:22:5-65
26-->[com.journeyapps:zxing-android-embedded:4.2.0] AndroidManifest.xml:22:22-62
27    <uses-feature
27-->[com.journeyapps:zxing-android-embedded:4.2.0] AndroidManifest.xml:25:5-27:36
28        android:name="android.hardware.camera"
28-->[com.journeyapps:zxing-android-embedded:4.2.0] AndroidManifest.xml:26:9-47
29        android:required="false" />
29-->[com.journeyapps:zxing-android-embedded:4.2.0] AndroidManifest.xml:27:9-33
30    <uses-feature
30-->[com.journeyapps:zxing-android-embedded:4.2.0] AndroidManifest.xml:28:5-30:36
31        android:name="android.hardware.camera.front"
31-->[com.journeyapps:zxing-android-embedded:4.2.0] AndroidManifest.xml:29:9-53
32        android:required="false" /> <!-- TODO replace above two with next line after Android 4.2 -->
32-->[com.journeyapps:zxing-android-embedded:4.2.0] AndroidManifest.xml:30:9-33
33    <!-- <uses-feature android:name="android.hardware.camera.any"/> -->
34    <uses-feature
34-->[com.journeyapps:zxing-android-embedded:4.2.0] AndroidManifest.xml:33:5-35:36
35        android:name="android.hardware.camera.autofocus"
35-->[com.journeyapps:zxing-android-embedded:4.2.0] AndroidManifest.xml:34:9-57
36        android:required="false" />
36-->[com.journeyapps:zxing-android-embedded:4.2.0] AndroidManifest.xml:35:9-33
37    <uses-feature
37-->[com.journeyapps:zxing-android-embedded:4.2.0] AndroidManifest.xml:36:5-38:36
38        android:name="android.hardware.camera.flash"
38-->[com.journeyapps:zxing-android-embedded:4.2.0] AndroidManifest.xml:37:9-53
39        android:required="false" />
39-->[com.journeyapps:zxing-android-embedded:4.2.0] AndroidManifest.xml:38:9-33
40    <uses-feature
40-->[com.journeyapps:zxing-android-embedded:4.2.0] AndroidManifest.xml:39:5-41:36
41        android:name="android.hardware.screen.landscape"
41-->[com.journeyapps:zxing-android-embedded:4.2.0] AndroidManifest.xml:40:9-57
42        android:required="false" />
42-->[com.journeyapps:zxing-android-embedded:4.2.0] AndroidManifest.xml:41:9-33
43    <uses-feature
43-->[com.journeyapps:zxing-android-embedded:4.2.0] AndroidManifest.xml:42:5-44:36
44        android:name="android.hardware.wifi"
44-->[com.journeyapps:zxing-android-embedded:4.2.0] AndroidManifest.xml:43:9-45
45        android:required="false" />
45-->[com.journeyapps:zxing-android-embedded:4.2.0] AndroidManifest.xml:44:9-33
46
47    <application
48        android:name="android.app.Application"
49        android:allowBackup="false"
50        android:appComponentFactory="androidx.core.app.CoreComponentFactory"
50-->[androidx.core:core:1.6.0] AndroidManifest.xml:24:18-86
51        android:debuggable="true"
52        android:icon="@mipmap/launcher_icon"
53        android:label="Kwikbasket Delivery" >
54        <activity
55            android:name="io.flutter.plugins.urllauncher.WebViewActivity"
56            android:exported="false"
57            android:theme="@android:style/Theme.NoTitleBar.Fullscreen" />
58        <activity
59            android:name="com.kwikbasket.delivery_app.delivery_app.MainActivity"
60            android:configChanges="orientation|keyboardHidden|keyboard|screenSize|smallestScreenSize|locale|layoutDirection|fontScale|screenLayout|density|uiMode"
61            android:hardwareAccelerated="true"
62            android:launchMode="singleTop"
63            android:theme="@style/LaunchTheme"
64            android:windowSoftInputMode="adjustResize" >
65
66            <!--
67                 Specifies an Android theme to apply to this Activity as soon as
68                 the Android process has started. This theme is visible to the user
69                 while the Flutter UI initializes. After that, this theme continues
70                 to determine the Window background behind the Flutter UI.
71            -->
72            <meta-data
73                android:name="io.flutter.embedding.android.NormalTheme"
74                android:resource="@style/NormalTheme" />
75            <!--
76                 Displays an Android View that continues showing the launch screen
77                 Drawable until Flutter paints its first frame, then this splash
78                 screen fades out. A splash screen is useful to avoid any visual
79                 gap between the end of Android's launch screen and the painting of
80                 Flutter's first frame.
81            -->
82            <meta-data
83                android:name="io.flutter.embedding.android.SplashScreenDrawable"
84                android:resource="@drawable/launch_background" />
85
86            <intent-filter>
87                <action android:name="android.intent.action.MAIN" />
88
89                <category android:name="android.intent.category.LAUNCHER" />
90            </intent-filter>
91        </activity>
92        <!--
93             Don't delete the meta-data below.
94             This is used by the Flutter tool to generate GeneratedPluginRegistrant.java
95        -->
96        <meta-data
97            android:name="flutterEmbedding"
98            android:value="2" />
99        <meta-data
100            android:name="com.google.android.geo.API_KEY"
101            android:value="AIzaSyC609B_WIP-xSXEWnauc4p-xGvV3draH2s" />
102
103        <provider
103-->[:image_picker] AndroidManifest.xml:8:9-16:20
104            android:name="io.flutter.plugins.imagepicker.ImagePickerFileProvider"
104-->[:image_picker] AndroidManifest.xml:9:13-82
105            android:authorities="com.kwikbasket.delivery_app.delivery_app.flutter.image_provider"
105-->[:image_picker] AndroidManifest.xml:10:13-74
106            android:exported="false"
106-->[:image_picker] AndroidManifest.xml:11:13-37
107            android:grantUriPermissions="true" >
107-->[:image_picker] AndroidManifest.xml:12:13-47
108            <meta-data
108-->[:image_picker] AndroidManifest.xml:13:13-15:75
109                android:name="android.support.FILE_PROVIDER_PATHS"
109-->[:image_picker] AndroidManifest.xml:14:17-67
110                android:resource="@xml/flutter_image_picker_file_paths" />
110-->[:image_picker] AndroidManifest.xml:15:17-72
111        </provider>
112
113        <uses-library
113-->[androidx.window:window:1.0.0-beta04] AndroidManifest.xml:25:9-27:40
114            android:name="androidx.window.extensions"
114-->[androidx.window:window:1.0.0-beta04] AndroidManifest.xml:26:13-54
115            android:required="false" />
115-->[androidx.window:window:1.0.0-beta04] AndroidManifest.xml:27:13-37
116        <uses-library
116-->[androidx.window:window:1.0.0-beta04] AndroidManifest.xml:28:9-30:40
117            android:name="androidx.window.sidecar"
117-->[androidx.window:window:1.0.0-beta04] AndroidManifest.xml:29:13-51
118            android:required="false" /> <!-- Needs to be explicitly declared on P+ -->
118-->[androidx.window:window:1.0.0-beta04] AndroidManifest.xml:30:13-37
119        <uses-library
119-->[com.google.android.gms:play-services-maps:17.0.0] AndroidManifest.xml:33:9-35:40
120            android:name="org.apache.http.legacy"
120-->[com.google.android.gms:play-services-maps:17.0.0] AndroidManifest.xml:34:13-50
121            android:required="false" />
121-->[com.google.android.gms:play-services-maps:17.0.0] AndroidManifest.xml:35:13-37
122
123        <activity
123-->[com.google.android.gms:play-services-base:17.0.0] AndroidManifest.xml:23:9-26:75
124            android:name="com.google.android.gms.common.api.GoogleApiActivity"
124-->[com.google.android.gms:play-services-base:17.0.0] AndroidManifest.xml:24:13-79
125            android:exported="false"
125-->[com.google.android.gms:play-services-base:17.0.0] AndroidManifest.xml:25:13-37
126            android:theme="@android:style/Theme.Translucent.NoTitleBar" />
126-->[com.google.android.gms:play-services-base:17.0.0] AndroidManifest.xml:26:13-72
127
128        <meta-data
128-->[com.google.android.gms:play-services-basement:17.0.0] AndroidManifest.xml:23:9-25:69
129            android:name="com.google.android.gms.version"
129-->[com.google.android.gms:play-services-basement:17.0.0] AndroidManifest.xml:24:13-58
130            android:value="@integer/google_play_services_version" />
130-->[com.google.android.gms:play-services-basement:17.0.0] AndroidManifest.xml:25:13-66
131
132        <activity
132-->[com.journeyapps:zxing-android-embedded:4.2.0] AndroidManifest.xml:47:9-53:63
133            android:name="com.journeyapps.barcodescanner.CaptureActivity"
133-->[com.journeyapps:zxing-android-embedded:4.2.0] AndroidManifest.xml:48:13-74
134            android:clearTaskOnLaunch="true"
134-->[com.journeyapps:zxing-android-embedded:4.2.0] AndroidManifest.xml:49:13-45
135            android:screenOrientation="sensorLandscape"
135-->[com.journeyapps:zxing-android-embedded:4.2.0] AndroidManifest.xml:50:13-56
136            android:stateNotNeeded="true"
136-->[com.journeyapps:zxing-android-embedded:4.2.0] AndroidManifest.xml:51:13-42
137            android:theme="@style/zxing_CaptureTheme"
137-->[com.journeyapps:zxing-android-embedded:4.2.0] AndroidManifest.xml:52:13-54
138            android:windowSoftInputMode="stateAlwaysHidden" />
138-->[com.journeyapps:zxing-android-embedded:4.2.0] AndroidManifest.xml:53:13-60
139    </application>
140
141</manifest>